<?xml version="1.0" encoding="UTF-8"?>
<testsuites name="Test9" time="42.347" tests="1" failures="0" errors="0">
   <testsuite name="Test9" tests="1" failures="0" errors="0" time="42.347" skipped="0" timestamp="14-03-2025T19:39:27" hostname="user - DESKTOP-TJ8KEJF" id="Test Suites/Test9">
      <properties>
         <property name="deviceName" value=""/>
         <property name="devicePlatform"/>
         <property name="logFolder" value="C:\\Users\\user\\git\\Test\\Reports\\20250314_193904\\Test9\\20250314_193906"/>
         <property name="logFiles" value="C:\\Users\\user\\git\\Test\\Reports\\20250314_193904\\Test9\\20250314_193906\\execution0.log"/>
         <property name="attachments" value=""/>
         <property name="hostName" value="user - DESKTOP-TJ8KEJF"/>
         <property name="os" value="Windows 10 64bit"/>
         <property name="katalonVersion" value="10.1.0.223"/>
         <property name="browser" value="Chrome 134.0.6998.35"/>
         <property name="hostAddress" value="192.168.29.214"/>
         <property name="sessionId" value="94af7dd9c57fd921a4d4bed2dc7e8515"/>
         <property name="seleniumVersion" value="4.22.0"/>
         <property name="proxyInformation" value="ProxyInformation { proxyOption=NO_PROXY, proxyServerType=HTTP, username=, password=********, proxyServerAddress=, proxyServerPort=0, executionList=&quot;&quot;, isApplyToDesiredCapabilities=true }"/>
         <property name="platform" value="Windows 10"/>
      </properties>
      <testcase name="Test Cases/Test9" time="41.013" classname="Test Cases/Test9" status="PASSED">
         <system-out><![CDATA[14-03-2025T19:39:29 - [TEST_CASE][PASSED] - Test Cases/Test9: Test Cases/Test9

14-03-2025T19:39:30 - [TEST_STEP][PASSED] - openBrowser(""): Browser is opened with url: ''

14-03-2025T19:39:32 - [MESSAGE][INFO] - Starting 'Chrome' driver

14-03-2025T19:39:33 - [MESSAGE][INFO] - Action delay is set to 0 milliseconds

14-03-2025T19:39:41 - [MESSAGE][PASSED] - Browser is opened with url: ''

14-03-2025T19:39:41 - [TEST_STEP][PASSED] - navigateToUrl("https://adactinhotelapp.com/"): Navigate to 'https://adactinhotelapp.com/' successfully

14-03-2025T19:39:46 - [MESSAGE][PASSED] - Navigate to 'https://adactinhotelapp.com/' successfully

14-03-2025T19:39:46 - [TEST_STEP][PASSED] - openBrowser(""): Browser is opened with url: ''

14-03-2025T19:39:46 - [MESSAGE][WARNING] - A browser is already opened. Closing browser and opening a new one

14-03-2025T19:39:49 - [MESSAGE][INFO] - Starting 'Chrome' driver

14-03-2025T19:39:49 - [MESSAGE][INFO] - Action delay is set to 0 milliseconds

14-03-2025T19:39:53 - [MESSAGE][PASSED] - Browser is opened with url: ''

14-03-2025T19:39:53 - [TEST_STEP][PASSED] - navigateToUrl("https://adactinhotelapp.com/"): Navigate to 'https://adactinhotelapp.com/' successfully

14-03-2025T19:39:57 - [MESSAGE][PASSED] - Navigate to 'https://adactinhotelapp.com/' successfully

14-03-2025T19:39:57 - [TEST_STEP][PASSED] - setText(findTestObject("Object Repository/Test9/Page_Adactin.com - Hotel Reservation System/input_Username_username"), "jayasrimannava"): Text 'jayasrimannava' is set on object 'Object Repository/Test9/Page_Adactin.com - Hotel Reservation System/input_Username_username'

14-03-2025T19:39:58 - [MESSAGE][PASSED] - Text 'jayasrimannava' is set on object 'Object Repository/Test9/Page_Adactin.com - Hotel Reservation System/input_Username_username'

14-03-2025T19:39:58 - [TEST_STEP][PASSED] - setEncryptedText(findTestObject("Object Repository/Test9/Page_Adactin.com - Hotel Reservation System/input_Password_password"), "AsGU5CZax2E="): Text ****** has been set on object 'Object Repository/Test9/Page_Adactin.com - Hotel Reservation System/input_Password_password'

14-03-2025T19:39:59 - [MESSAGE][PASSED] - Text ****** has been set on object 'Object Repository/Test9/Page_Adactin.com - Hotel Reservation System/input_Password_password'

14-03-2025T19:39:59 - [TEST_STEP][PASSED] - click(findTestObject("Object Repository/Test9/Page_Adactin.com - Hotel Reservation System/input_Forgot Password_login")): Object: 'Object Repository/Test9/Page_Adactin.com - Hotel Reservation System/input_Forgot Password_login' is clicked on

14-03-2025T19:40:01 - [MESSAGE][PASSED] - Object: 'Object Repository/Test9/Page_Adactin.com - Hotel Reservation System/input_Forgot Password_login' is clicked on

14-03-2025T19:40:01 - [TEST_STEP][PASSED] - selectOptionByValue(findTestObject("Object Repository/Test9/Page_Adactin.com - Search Hotel/select_- Select Location -            Sydne_fd1b90"), "Sydney", true): All options with value 'Sydney' are selected in object 'Object Repository/Test9/Page_Adactin.com - Search Hotel/select_- Select Location -            Sydne_fd1b90'  using regular expression

14-03-2025T19:40:03 - [MESSAGE][PASSED] - All options with value 'Sydney' are selected in object 'Object Repository/Test9/Page_Adactin.com - Search Hotel/select_- Select Location -            Sydne_fd1b90'  using regular expression

14-03-2025T19:40:03 - [TEST_STEP][PASSED] - selectOptionByValue(findTestObject("Object Repository/Test9/Page_Adactin.com - Search Hotel/select_- Select Hotel -            Hotel Cr_5dfd37"), "Hotel Creek", true): All options with value 'Hotel Creek' are selected in object 'Object Repository/Test9/Page_Adactin.com - Search Hotel/select_- Select Hotel -            Hotel Cr_5dfd37'  using regular expression

14-03-2025T19:40:04 - [MESSAGE][PASSED] - All options with value 'Hotel Creek' are selected in object 'Object Repository/Test9/Page_Adactin.com - Search Hotel/select_- Select Hotel -            Hotel Cr_5dfd37'  using regular expression

14-03-2025T19:40:04 - [TEST_STEP][PASSED] - selectOptionByValue(findTestObject("Object Repository/Test9/Page_Adactin.com - Search Hotel/select_- Select Room Type -            Stan_432a48"), "Deluxe", true): All options with value 'Deluxe' are selected in object 'Object Repository/Test9/Page_Adactin.com - Search Hotel/select_- Select Room Type -            Stan_432a48'  using regular expression

14-03-2025T19:40:06 - [MESSAGE][PASSED] - All options with value 'Deluxe' are selected in object 'Object Repository/Test9/Page_Adactin.com - Search Hotel/select_- Select Room Type -            Stan_432a48'  using regular expression

14-03-2025T19:40:06 - [TEST_STEP][PASSED] - click(findTestObject("Object Repository/Test9/Page_Adactin.com - Search Hotel/input_Children per Room_Submit")): Object: 'Object Repository/Test9/Page_Adactin.com - Search Hotel/input_Children per Room_Submit' is clicked on

14-03-2025T19:40:06 - [MESSAGE][PASSED] - Object: 'Object Repository/Test9/Page_Adactin.com - Search Hotel/input_Children per Room_Submit' is clicked on

14-03-2025T19:40:06 - [TEST_STEP][PASSED] - click(findTestObject("Object Repository/Test9/Page_Adactin.com - Select Hotel/input_Total Price (excl. GST)_cancel")): Object: 'Object Repository/Test9/Page_Adactin.com - Select Hotel/input_Total Price (excl. GST)_cancel' is clicked on

14-03-2025T19:40:09 - [MESSAGE][PASSED] - Object: 'Object Repository/Test9/Page_Adactin.com - Select Hotel/input_Total Price (excl. GST)_cancel' is clicked on

14-03-2025T19:40:09 - [TEST_STEP][PASSED] - closeBrowser(): Browser is closed

14-03-2025T19:40:10 - [MESSAGE][PASSED] - Browser is closed]]></system-out>
         <system-err><![CDATA[]]></system-err>
      </testcase>
      <system-out><![CDATA[14-03-2025T19:39:27 - [TEST_SUITE][PASSED] - Test9: Test Cases/Test9]]></system-out>
      <system-err><![CDATA[]]></system-err>
   </testsuite>
</testsuites>
