<?xml version="1.0" encoding="UTF-8"?>
<testsuites name="TC_Login" time="17.766" tests="1" failures="0" errors="0">
   <testsuite name="TC_Login" tests="1" failures="0" errors="0" time="17.766" skipped="0" timestamp="18-03-2025T23:51:49" hostname="user - DESKTOP-TJ8KEJF" id="Test Suites/TC_Login">
      <properties>
         <property name="deviceName" value=""/>
         <property name="devicePlatform"/>
         <property name="logFolder" value="C:\\Users\\user\\git\\Demo2\\Reports\\20250318_235134\\TC_Login\\20250318_235135"/>
         <property name="logFiles" value="C:\\Users\\user\\git\\Demo2\\Reports\\20250318_235134\\TC_Login\\20250318_235135\\execution0.log"/>
         <property name="attachments" value=""/>
         <property name="hostName" value="user - DESKTOP-TJ8KEJF"/>
         <property name="os" value="Windows 10 64bit"/>
         <property name="katalonVersion" value="10.1.0.223"/>
         <property name="browser" value="Chrome 134.0.6998.89"/>
         <property name="hostAddress" value="192.168.29.214"/>
         <property name="sessionId" value="44f15614e7410eaedb1ff5e91dc7b645"/>
         <property name="seleniumVersion" value="4.22.0"/>
         <property name="proxyInformation" value="ProxyInformation { proxyOption=NO_PROXY, proxyServerType=HTTP, username=, password=********, proxyServerAddress=, proxyServerPort=0, executionList=&quot;&quot;, isApplyToDesiredCapabilities=true }"/>
         <property name="platform" value="Windows 10"/>
      </properties>
      <testcase name="Test Cases/TC_Login" time="17.133" classname="Test Cases/TC_Login" status="PASSED">
         <system-out><![CDATA[18-03-2025T23:51:50 - [TEST_CASE][PASSED] - Test Cases/TC_Login: Test Cases/TC_Login

18-03-2025T23:51:51 - [TEST_STEP][PASSED] - openBrowser(""): Browser is opened with url: ''

18-03-2025T23:51:52 - [MESSAGE][INFO] - Starting 'Chrome' driver

18-03-2025T23:51:52 - [MESSAGE][INFO] - Action delay is set to 0 milliseconds

18-03-2025T23:51:57 - [MESSAGE][PASSED] - Browser is opened with url: ''

18-03-2025T23:51:57 - [TEST_STEP][PASSED] - navigateToUrl("https://adactinhotelapp.com/index.php"): Navigate to 'https://adactinhotelapp.com/index.php' successfully

18-03-2025T23:52:01 - [MESSAGE][PASSED] - Navigate to 'https://adactinhotelapp.com/index.php' successfully

18-03-2025T23:52:01 - [TEST_STEP][PASSED] - setText(findTestObject("Object Repository/TC_Login/Page_Adactin.com - Hotel Reservation System/input_Username_username"), "jayasrimannava"): Text 'jayasrimannava' is set on object 'Object Repository/TC_Login/Page_Adactin.com - Hotel Reservation System/input_Username_username'

18-03-2025T23:52:03 - [MESSAGE][PASSED] - Text 'jayasrimannava' is set on object 'Object Repository/TC_Login/Page_Adactin.com - Hotel Reservation System/input_Username_username'

18-03-2025T23:52:03 - [TEST_STEP][PASSED] - setEncryptedText(findTestObject("Object Repository/TC_Login/Page_Adactin.com - Hotel Reservation System/input_Password_password"), "AsGU5CZax2E="): Text ****** has been set on object 'Object Repository/TC_Login/Page_Adactin.com - Hotel Reservation System/input_Password_password'

18-03-2025T23:52:03 - [MESSAGE][PASSED] - Text ****** has been set on object 'Object Repository/TC_Login/Page_Adactin.com - Hotel Reservation System/input_Password_password'

18-03-2025T23:52:03 - [TEST_STEP][PASSED] - click(findTestObject("Object Repository/TC_Login/Page_Adactin.com - Hotel Reservation System/input_Forgot Password_login")): Object: 'Object Repository/TC_Login/Page_Adactin.com - Hotel Reservation System/input_Forgot Password_login' is clicked on

18-03-2025T23:52:04 - [MESSAGE][PASSED] - Object: 'Object Repository/TC_Login/Page_Adactin.com - Hotel Reservation System/input_Forgot Password_login' is clicked on

18-03-2025T23:52:04 - [TEST_STEP][PASSED] - click(findTestObject("Object Repository/TC_Login/Page_Adactin.com - Search Hotel/a_Logout")): Object: 'Object Repository/TC_Login/Page_Adactin.com - Search Hotel/a_Logout' is clicked on

18-03-2025T23:52:06 - [MESSAGE][PASSED] - Object: 'Object Repository/TC_Login/Page_Adactin.com - Search Hotel/a_Logout' is clicked on

18-03-2025T23:52:06 - [TEST_STEP][PASSED] - closeBrowser(): Browser is closed

18-03-2025T23:52:07 - [MESSAGE][PASSED] - Browser is closed]]></system-out>
         <system-err><![CDATA[]]></system-err>
      </testcase>
      <system-out><![CDATA[18-03-2025T23:51:49 - [TEST_SUITE][PASSED] - TC_Login: Test Cases/TC_Login]]></system-out>
      <system-err><![CDATA[]]></system-err>
   </testsuite>
</testsuites>
