<?xml version="1.0" encoding="UTF-8"?>
<testsuites name="TC_Logout" time="1.148" tests="1" failures="0" errors="0">
   <testsuite name="TC_Logout" tests="1" failures="0" errors="0" time="1.148" skipped="0" timestamp="18-03-2025T23:52:19" hostname="user - DESKTOP-TJ8KEJF" id="Test Suites/TC_Logout">
      <properties>
         <property name="deviceName" value=""/>
         <property name="devicePlatform"/>
         <property name="logFolder" value="C:\\Users\\user\\git\\Demo2\\Reports\\20250318_235134\\TC_Logout\\20250318_235137"/>
         <property name="logFiles" value="C:\\Users\\user\\git\\Demo2\\Reports\\20250318_235134\\TC_Logout\\20250318_235137\\execution0.log"/>
         <property name="attachments" value=""/>
         <property name="hostName" value="user - DESKTOP-TJ8KEJF"/>
         <property name="hostAddress" value="192.168.29.214"/>
         <property name="os" value="Windows 10 64bit"/>
         <property name="katalonVersion" value="10.1.0.223"/>
      </properties>
      <testcase name="Test Cases/TC_Logout" time="0.641" classname="Test Cases/TC_Logout" status="PASSED">
         <system-out><![CDATA[18-03-2025T23:52:19 - [TEST_CASE][PASSED] - Test Cases/TC_Logout: Test Cases/TC_Logout

18-03-2025T23:52:20 - [TEST_STEP][PASSED] - return null: null]]></system-out>
         <system-err><![CDATA[]]></system-err>
      </testcase>
      <system-out><![CDATA[18-03-2025T23:52:19 - [TEST_SUITE][PASSED] - TC_Logout: Test Cases/TC_Logout]]></system-out>
      <system-err><![CDATA[]]></system-err>
   </testsuite>
</testsuites>
