<?xml version="1.0" encoding="UTF-8"?>
<testsuites name="Test9" time="44.346" tests="1" failures="0" errors="0">
   <testsuite name="Test9" tests="1" failures="0" errors="0" time="44.346" skipped="0" timestamp="14-03-2025T19:37:02" hostname="user - DESKTOP-TJ8KEJF" id="Test Suites/Test9">
      <properties>
         <property name="deviceName" value=""/>
         <property name="devicePlatform"/>
         <property name="logFolder" value="C:\\Users\\user\\git\\Test\\Reports\\20250314_193643\\Test9\\20250314_193643"/>
         <property name="logFiles" value="C:\\Users\\user\\git\\Test\\Reports\\20250314_193643\\Test9\\20250314_193643\\execution0.log"/>
         <property name="attachments" value=""/>
         <property name="hostName" value="user - DESKTOP-TJ8KEJF"/>
         <property name="os" value="Windows 10 64bit"/>
         <property name="katalonVersion" value="10.1.0.223"/>
         <property name="browser" value="Chrome 134.0.6998.35"/>
         <property name="hostAddress" value="192.168.29.214"/>
         <property name="sessionId" value="b6a1ab6766cc09702bbf924c8aa7b3ec"/>
         <property name="seleniumVersion" value="4.22.0"/>
         <property name="proxyInformation" value="ProxyInformation { proxyOption=NO_PROXY, proxyServerType=HTTP, username=, password=********, proxyServerAddress=, proxyServerPort=0, executionList=&quot;&quot;, isApplyToDesiredCapabilities=true }"/>
         <property name="platform" value="Windows 10"/>
      </properties>
      <testcase name="Test Cases/Test9" time="42.793" classname="Test Cases/Test9" status="PASSED">
         <system-out><![CDATA[14-03-2025T19:37:03 - [TEST_CASE][PASSED] - Test Cases/Test9: Test Cases/Test9

14-03-2025T19:37:05 - [TEST_STEP][PASSED] - openBrowser(""): Browser is opened with url: ''

14-03-2025T19:37:07 - [MESSAGE][INFO] - Starting 'Chrome' driver

14-03-2025T19:37:07 - [MESSAGE][INFO] - Action delay is set to 0 milliseconds

14-03-2025T19:37:20 - [MESSAGE][PASSED] - Browser is opened with url: ''

14-03-2025T19:37:20 - [TEST_STEP][PASSED] - navigateToUrl("https://adactinhotelapp.com/"): Navigate to 'https://adactinhotelapp.com/' successfully

14-03-2025T19:37:23 - [MESSAGE][PASSED] - Navigate to 'https://adactinhotelapp.com/' successfully

14-03-2025T19:37:23 - [TEST_STEP][PASSED] - openBrowser(""): Browser is opened with url: ''

14-03-2025T19:37:23 - [MESSAGE][WARNING] - A browser is already opened. Closing browser and opening a new one

14-03-2025T19:37:24 - [MESSAGE][INFO] - Starting 'Chrome' driver

14-03-2025T19:37:24 - [MESSAGE][INFO] - Action delay is set to 0 milliseconds

14-03-2025T19:37:28 - [MESSAGE][PASSED] - Browser is opened with url: ''

14-03-2025T19:37:28 - [TEST_STEP][PASSED] - navigateToUrl("https://adactinhotelapp.com/"): Navigate to 'https://adactinhotelapp.com/' successfully

14-03-2025T19:37:32 - [MESSAGE][PASSED] - Navigate to 'https://adactinhotelapp.com/' successfully

14-03-2025T19:37:32 - [TEST_STEP][PASSED] - setText(findTestObject("Object Repository/Test9/Page_Adactin.com - Hotel Reservation System/input_Username_username"), "jayasrimannava"): Text 'jayasrimannava' is set on object 'Object Repository/Test9/Page_Adactin.com - Hotel Reservation System/input_Username_username'

14-03-2025T19:37:33 - [MESSAGE][PASSED] - Text 'jayasrimannava' is set on object 'Object Repository/Test9/Page_Adactin.com - Hotel Reservation System/input_Username_username'

14-03-2025T19:37:33 - [TEST_STEP][PASSED] - setEncryptedText(findTestObject("Object Repository/Test9/Page_Adactin.com - Hotel Reservation System/input_Password_password"), "AsGU5CZax2E="): Text ****** has been set on object 'Object Repository/Test9/Page_Adactin.com - Hotel Reservation System/input_Password_password'

14-03-2025T19:37:34 - [MESSAGE][PASSED] - Text ****** has been set on object 'Object Repository/Test9/Page_Adactin.com - Hotel Reservation System/input_Password_password'

14-03-2025T19:37:34 - [TEST_STEP][PASSED] - click(findTestObject("Object Repository/Test9/Page_Adactin.com - Hotel Reservation System/input_Forgot Password_login")): Object: 'Object Repository/Test9/Page_Adactin.com - Hotel Reservation System/input_Forgot Password_login' is clicked on

14-03-2025T19:37:37 - [MESSAGE][PASSED] - Object: 'Object Repository/Test9/Page_Adactin.com - Hotel Reservation System/input_Forgot Password_login' is clicked on

14-03-2025T19:37:37 - [TEST_STEP][PASSED] - selectOptionByValue(findTestObject("Object Repository/Test9/Page_Adactin.com - Search Hotel/select_- Select Location -            Sydne_fd1b90"), "Sydney", true): All options with value 'Sydney' are selected in object 'Object Repository/Test9/Page_Adactin.com - Search Hotel/select_- Select Location -            Sydne_fd1b90'  using regular expression

14-03-2025T19:37:39 - [MESSAGE][PASSED] - All options with value 'Sydney' are selected in object 'Object Repository/Test9/Page_Adactin.com - Search Hotel/select_- Select Location -            Sydne_fd1b90'  using regular expression

14-03-2025T19:37:39 - [TEST_STEP][PASSED] - selectOptionByValue(findTestObject("Object Repository/Test9/Page_Adactin.com - Search Hotel/select_- Select Hotel -            Hotel Cr_5dfd37"), "Hotel Creek", true): All options with value 'Hotel Creek' are selected in object 'Object Repository/Test9/Page_Adactin.com - Search Hotel/select_- Select Hotel -            Hotel Cr_5dfd37'  using regular expression

14-03-2025T19:37:41 - [MESSAGE][PASSED] - All options with value 'Hotel Creek' are selected in object 'Object Repository/Test9/Page_Adactin.com - Search Hotel/select_- Select Hotel -            Hotel Cr_5dfd37'  using regular expression

14-03-2025T19:37:41 - [TEST_STEP][PASSED] - selectOptionByValue(findTestObject("Object Repository/Test9/Page_Adactin.com - Search Hotel/select_- Select Room Type -            Stan_432a48"), "Deluxe", true): All options with value 'Deluxe' are selected in object 'Object Repository/Test9/Page_Adactin.com - Search Hotel/select_- Select Room Type -            Stan_432a48'  using regular expression

14-03-2025T19:37:42 - [MESSAGE][PASSED] - All options with value 'Deluxe' are selected in object 'Object Repository/Test9/Page_Adactin.com - Search Hotel/select_- Select Room Type -            Stan_432a48'  using regular expression

14-03-2025T19:37:42 - [TEST_STEP][PASSED] - click(findTestObject("Object Repository/Test9/Page_Adactin.com - Search Hotel/input_Children per Room_Submit")): Object: 'Object Repository/Test9/Page_Adactin.com - Search Hotel/input_Children per Room_Submit' is clicked on

14-03-2025T19:37:43 - [MESSAGE][PASSED] - Object: 'Object Repository/Test9/Page_Adactin.com - Search Hotel/input_Children per Room_Submit' is clicked on

14-03-2025T19:37:43 - [TEST_STEP][PASSED] - click(findTestObject("Object Repository/Test9/Page_Adactin.com - Select Hotel/input_Total Price (excl. GST)_cancel")): Object: 'Object Repository/Test9/Page_Adactin.com - Select Hotel/input_Total Price (excl. GST)_cancel' is clicked on

14-03-2025T19:37:45 - [MESSAGE][PASSED] - Object: 'Object Repository/Test9/Page_Adactin.com - Select Hotel/input_Total Price (excl. GST)_cancel' is clicked on

14-03-2025T19:37:45 - [TEST_STEP][PASSED] - closeBrowser(): Browser is closed

14-03-2025T19:37:46 - [MESSAGE][PASSED] - Browser is closed]]></system-out>
         <system-err><![CDATA[]]></system-err>
      </testcase>
      <system-out><![CDATA[14-03-2025T19:37:02 - [TEST_SUITE][PASSED] - Test9: Test Cases/Test9]]></system-out>
      <system-err><![CDATA[]]></system-err>
   </testsuite>
</testsuites>
